<?xml version="1.0" encoding="UTF-8"?><testsuite errors="3" failures="0" name="Gestión de tareas" skipped="9" tests="12" time="17.25" timestamp="2025-01-09 03:07:09"><testcase name="Crear una nueva tarea"><skipped/></testcase><testcase name="Consultar una tarea existente"><skipped/></testcase><testcase name="Modificar una tarea existente"><skipped/></testcase><testcase name="Eliminar una tarea existente según condición"><error message="Could not instantiate new WebDriver instance of type class org.openqa.selenium.chrome.ChromeDriver (session not created: This version of ChromeDriver only supports Chrome version 107&#10;Current browser version is 131.0.6778.265 with binary path C:\Program Files\Google\Chrome\Application\chrome.exe&#10;Build info: version: '3.141.59', revision: 'e82be7d358', time: '2018-11-14T08:17:03'&#10;System info: host: 'LAPTOP-NJSJS5NA', ip: '192.168.56.1', os.name: 'Windows 11', os.arch: 'amd64', os.version: '10.0', java.version: '1.8.0_381'&#10;Driver info: driver.version: ProvideNewDriver&#10;remote stacktrace: Backtrace:&#10;&#9;Ordinal0 [0x011B66A3+2844323]&#10;&#9;Ordinal0 [0x01097651+1668689]&#10;&#9;Ordinal0 [0x00F20ECA+134858]&#10;&#9;Ordinal0 [0x00F3F23C+258620]&#10;&#9;Ordinal0 [0x00F3BF27+245543]&#10;&#9;Ordinal0 [0x00F3973A+235322]&#10;&#9;Ordinal0 [0x00F65096+413846]&#10;&#9;Ordinal0 [0x00F64C8B+412811]&#10;&#9;Ordinal0 [0x00F5EA86+387718]&#10;&#9;Ordinal0 [0x00F41148+266568]&#10;&#9;Ordinal0 [0x00F41EBE+270014]&#10;&#9;Ordinal0 [0x011BF615+2881045]&#10;&#9;GetHandleVerifier [0x01359945+1539781]&#10;&#9;GetHandleVerifier [0x0135926A+1538026]&#10;&#9;GetHandleVerifier [0x0135E527+1559207]&#10;&#9;GetHandleVerifier [0x0135A2C0+1542208]&#10;&#9;Ordinal0 [0x010AA9DD+1747421]&#10;&#9;Ordinal0 [0x010B64B8+1795256]&#10;&#9;Ordinal0 [0x010B65F9+1795577]&#10;&#9;Ordinal0 [0x010C84F4+1869044]&#10;&#9;BaseThreadInitThunk [0x76CC7BA9+25]&#10;&#9;RtlInitializeExceptionChain [0x7733C0CB+107]&#10;&#9;RtlClearBits [0x7733C04F+191]&#10;). See below for more details." type="net.thucydides.core.webdriver.DriverConfigurationError">Could not instantiate new WebDriver instance of type class org.openqa.selenium.chrome.ChromeDriver (session not created: This version of ChromeDriver only supports Chrome version 107
Current browser version is 131.0.6778.265 with binary path C:\Program Files\Google\Chrome\Application\chrome.exe
Build info: version: '3.141.59', revision: 'e82be7d358', time: '2018-11-14T08:17:03'
System info: host: 'LAPTOP-NJSJS5NA', ip: '192.168.56.1', os.name: 'Windows 11', os.arch: 'amd64', os.version: '10.0', java.version: '1.8.0_381'
Driver info: driver.version: ProvideNewDriver
remote stacktrace: Backtrace:
	Ordinal0 [0x011B66A3+2844323]
	Ordinal0 [0x01097651+1668689]
	Ordinal0 [0x00F20ECA+134858]
	Ordinal0 [0x00F3F23C+258620]
	Ordinal0 [0x00F3BF27+245543]
	Ordinal0 [0x00F3973A+235322]
	Ordinal0 [0x00F65096+413846]
	Ordinal0 [0x00F64C8B+412811]
	Ordinal0 [0x00F5EA86+387718]
	Ordinal0 [0x00F41148+266568]
	Ordinal0 [0x00F41EBE+270014]
	Ordinal0 [0x011BF615+2881045]
	GetHandleVerifier [0x01359945+1539781]
	GetHandleVerifier [0x0135926A+1538026]
	GetHandleVerifier [0x0135E527+1559207]
	GetHandleVerifier [0x0135A2C0+1542208]
	Ordinal0 [0x010AA9DD+1747421]
	Ordinal0 [0x010B64B8+1795256]
	Ordinal0 [0x010B65F9+1795577]
	Ordinal0 [0x010C84F4+1869044]
	BaseThreadInitThunk [0x76CC7BA9+25]
	RtlInitializeExceptionChain [0x7733C0CB+107]
	RtlClearBits [0x7733C04F+191]
). See below for more details.</error><system-err>Could not instantiate new WebDriver instance of type class org.openqa.selenium.chrome.ChromeDriver (session not created: This version of ChromeDriver only supports Chrome version 107
Current browser version is 131.0.6778.265 with binary path C:\Program Files\Google\Chrome\Application\chrome.exe
Build info: version: '3.141.59', revision: 'e82be7d358', time: '2018-11-14T08:17:03'
System info: host: 'LAPTOP-NJSJS5NA', ip: '192.168.56.1', os.name: 'Windows 11', os.arch: 'amd64', os.version: '10.0', java.version: '1.8.0_381'
Driver info: driver.version: ProvideNewDriver
remote stacktrace: Backtrace:
	Ordinal0 [0x011B66A3+2844323]
	Ordinal0 [0x01097651+1668689]
	Ordinal0 [0x00F20ECA+134858]
	Ordinal0 [0x00F3F23C+258620]
	Ordinal0 [0x00F3BF27+245543]
	Ordinal0 [0x00F3973A+235322]
	Ordinal0 [0x00F65096+413846]
	Ordinal0 [0x00F64C8B+412811]
	Ordinal0 [0x00F5EA86+387718]
	Ordinal0 [0x00F41148+266568]
	Ordinal0 [0x00F41EBE+270014]
	Ordinal0 [0x011BF615+2881045]
	GetHandleVerifier [0x01359945+1539781]
	GetHandleVerifier [0x0135926A+1538026]
	GetHandleVerifier [0x0135E527+1559207]
	GetHandleVerifier [0x0135A2C0+1542208]
	Ordinal0 [0x010AA9DD+1747421]
	Ordinal0 [0x010B64B8+1795256]
	Ordinal0 [0x010B65F9+1795577]
	Ordinal0 [0x010C84F4+1869044]
	BaseThreadInitThunk [0x76CC7BA9+25]
	RtlInitializeExceptionChain [0x7733C0CB+107]
	RtlClearBits [0x7733C04F+191]
). See below for more details.&#13;
co.tweek.qa.stepdefinitions.ManagerTasks.usuarioSeEncuentraEnAplicativoTweek(ManagerTasks.java:35)&#13;
cucumber.runner.Runner.runPickle(Runner.java:80)&#13;
worker.org.gradle.process.internal.worker.GradleWorkerMain.run(GradleWorkerMain.java:69)&#13;
worker.org.gradle.process.internal.worker.GradleWorkerMain.main(GradleWorkerMain.java:74)&#13;
</system-err></testcase></testsuite>